STEP to UG
! INFO-     NX STEP AP214 - V2206.1700
! INFO-      
! INFO-     Start of Translation: 20-MAY-2024  4:30:22 PM
! INFO-      
! STATUS-   Converting Part: C:\Users\cdcoe\OneDrive\Documents\GitHub\langmuir-probe\LangmuirProbePCB\v2-opa45\LangmuirProbePCB_v2_opa454.step
! SUMMARY-   
! SUMMARY-    STEP Header Information
! SUMMARY-   
! SUMMARY-  Description      KiCad electronic assembly
! SUMMARY-  Imp_Level        2;1
! SUMMARY-  File_Name        LangmuirProbePCB_v2_opa454.step
! SUMMARY-  Date             2024-05-20T16:26:26
! SUMMARY-  Author           Pcbnew
! SUMMARY-  Organization     Kicad
! SUMMARY-  Pre_Version      Open CASCADE STEP processor 7.7
! SUMMARY-  Orig_System      KiCad to STEP converter
! SUMMARY-  Authorization    Unknown
! SUMMARY-  Schema_ID        automotive_design
! SUMMARY-   
! SUMMARY-    Summary of STEP Entities
! SUMMARY-   
! SUMMARY-  Entity Type                                                   Count
! SUMMARY-  -----------                                                   ------
! SUMMARY-  advanced_brep_shape_representation .........................:      3
! SUMMARY-  advanced_face ..............................................:    140
! SUMMARY-  application_context ........................................:      1
! SUMMARY-  axis2_placement_3d .........................................:    273
! SUMMARY-  b_spline_curve_with_knots ..................................:     10
! SUMMARY-  b_spline_surface_with_knots ................................:      8
! SUMMARY-  cartesian_point ............................................:   1077
! SUMMARY-  circle .....................................................:    128
! SUMMARY-  closed_shell ...............................................:      3
! SUMMARY-  context_dependent_shape_representation .....................:     12
! SUMMARY-  cylindrical_surface ........................................:     49
! SUMMARY-  direction ..................................................:    748
! SUMMARY-  edge_curve .................................................:    340
! SUMMARY-  edge_loop ..................................................:    230
! SUMMARY-  face_bound .................................................:    230
! SUMMARY-  geometric_representation_context_and_global_uncertainty_a ..:      6
! SUMMARY-  item_defined_transformation ................................:     12
! SUMMARY-  length_unit_and_si_unit ....................................:      6
! SUMMARY-  line .......................................................:    202
! SUMMARY-  manifold_solid_brep ........................................:      3
! SUMMARY-  next_assembly_usage_occurrence .............................:     12
! SUMMARY-  oriented_edge ..............................................:    680
! SUMMARY-  plane ......................................................:     79
! SUMMARY-  plane_angle_unit_and_si_unit ...............................:      6
! SUMMARY-  product ....................................................:      6
! SUMMARY-  product_context ............................................:      6
! SUMMARY-  product_definition .........................................:      6
! SUMMARY-  product_definition_context .................................:      6
! SUMMARY-  product_definition_formation ...............................:      6
! SUMMARY-  product_definition_shape ...................................:     18
! SUMMARY-  product_related_product_category ...........................:      6
! SUMMARY-  representation_relationship_with_transformation_and_shape ..:     12
! SUMMARY-  shape_representation .......................................:      3
! SUMMARY-  si_unit_and_solid_angle_unit ...............................:      6
! SUMMARY-  toroidal_surface ...........................................:      4
! SUMMARY-  uncertainty_measure_with_unit ..............................:      6
! SUMMARY-  vector .....................................................:    202
! SUMMARY-  vertex_point ...............................................:    220
! SUMMARY-                                                               -------
! SUMMARY-  Total                                                           4765
! STATUS-    
! STATUS-   Converting to Output Form (Phase 2 of 3): 20-MAY-2024 4:30:22 PM
! STATUS-    
! STATUS-    
! STATUS-   Generating UG geometry and placing them in parts
! STATUS-    
! STATUS-   Creating the UG part (Phase 3 of 3): 20-MAY-2024  4:30:22 PM
! INFO-     Filing Part ..: C:\Users\cdcoe\OneDrive\Documents\GitHub\langmuir-probe\LangmuirProbePCB\v2-opa45\LangmuirProbePCB_v2_opa454_PCB
! SUMMARY-   
! SUMMARY-  Summary of Unigraphics Part Entities
! SUMMARY-   
! SUMMARY-  Entities Processed             Count
! SUMMARY-  ------------------             -----
! SUMMARY-  Solid .......................:     1
! SUMMARY-                                 -----
! SUMMARY-  Total                              1
! STATUS-   Creating the UG part (Phase 3 of 3): 20-MAY-2024  4:30:22 PM
! INFO-     Filing Part ..: C:\Users\cdcoe\OneDrive\Documents\GitHub\langmuir-probe\LangmuirProbePCB\v2-opa45\TerminalBlock_Phoenix_MPT_05_2_254_1x02_P254mm_Horizontal
! SUMMARY-   
! SUMMARY-  Summary of Unigraphics Part Entities
! SUMMARY-   
! SUMMARY-  Entities Processed             Count
! SUMMARY-  ------------------             -----
! SUMMARY-  Solid .......................:     1
! SUMMARY-                                 -----
! SUMMARY-  Total                              1
! STATUS-   Creating the UG part (Phase 3 of 3): 20-MAY-2024  4:30:23 PM
! INFO-     Filing Part ..: C:\Users\cdcoe\OneDrive\Documents\GitHub\langmuir-probe\LangmuirProbePCB\v2-opa45\R_Axial_DIN0207_L63mm_D25mm_P762mm_Horizontal
! SUMMARY-   
! SUMMARY-  Summary of Unigraphics Part Entities
! SUMMARY-   
! SUMMARY-  Entities Processed             Count
! SUMMARY-  ------------------             -----
! SUMMARY-  Solid .......................:     1
! SUMMARY-                                 -----
! SUMMARY-  Total                              1
! STATUS-   Creating the UG part (Phase 3 of 3): 20-MAY-2024  4:30:23 PM
! INFO-     Filing Part ..: C:\Users\cdcoe\OneDrive\Documents\GitHub\langmuir-probe\LangmuirProbePCB\v2-opa45\TerminalBlock_Phoenix_MPT-0,5-2-2.54_1x02_P2.54mm_Horizontal
! SUMMARY-   
! SUMMARY-  Summary of Unigraphics Part Entities
! SUMMARY-   
! SUMMARY-  Entities Processed             Count
! SUMMARY-  ------------------             -----
! SUMMARY-  Component ...................:     1
! SUMMARY-                                 -----
! SUMMARY-  Total                              1
! STATUS-   Creating the UG part (Phase 3 of 3): 20-MAY-2024  4:30:23 PM
! INFO-     Filing Part ..: C:\Users\cdcoe\OneDrive\Documents\GitHub\langmuir-probe\LangmuirProbePCB\v2-opa45\R_Axial_DIN0207_L6.3mm_D2.5mm_P7.62mm_Horizontal
! SUMMARY-   
! SUMMARY-  Summary of Unigraphics Part Entities
! SUMMARY-   
! SUMMARY-  Entities Processed             Count
! SUMMARY-  ------------------             -----
! SUMMARY-  Component ...................:     1
! SUMMARY-                                 -----
! SUMMARY-  Total                              1
! STATUS-   Creating the UG part (Phase 3 of 3): 20-MAY-2024  4:30:23 PM
! INFO-     Filing Part ..: C:\Users\cdcoe\OneDrive\Documents\GitHub\langmuir-probe\LangmuirProbePCB\v2-opa45\LangmuirProbePCB_v2_opa454_step.prt
! SUMMARY-   
! SUMMARY-  Summary of Unigraphics Part Entities
! SUMMARY-   
! SUMMARY-  Entities Processed             Count
! SUMMARY-  ------------------             -----
! SUMMARY-  Component ...................:    10
! SUMMARY-                                 -----
! SUMMARY-  Total                             10
! INFO-      
! INFO-     Total number of solids input for this translation       :         3
! INFO-      
! INFO-     Number of solids created without body validation faults :         3
! INFO-      
! INFO-     Number of solids created with body validation fault(s)  :         0
! INFO-      
! INFO-     Number of solids ending up as sheet bodies              :         0
! INFO-      
! INFO-     End of Translation: 20-MAY-2024  4:30:23 PM
! INFO-      
